/nwprod/akrtma.v1.1.0/exec
/nwprod/cbofs.v1.0.0/exec
/nwprod/cfs.v2.1.0/exec
/nwprod/cfs.v2.1.0/sorc/cfs_cdas_godas_anl.fd/exec
/nwprod/cfs.v2.1.0/sorc/cfs_cdas_godas_anl.fd/src/postprocessing/regrid/exec
/nwprod/cfs.v2.1.0/sorc/cfs_cdas_godas_anl.fd/src/preprocessing/generate_grids/ocean/exec
/nwprod/cfs.v2.1.0/sorc/cfs_cdas_godas_anl.fd/src/preprocessing/mom4_prep/idealized_ic/exec
/nwprod/cfs.v2.1.0/sorc/cfs_cdas_godas_anl.fd/src/preprocessing/regrid/exec
/nwprod/cfs.v2.1.0/sorc/cfs_cdas_godas_anl.fd/src/preprocessing/regrid_2d/exec
/nwprod/cfs.v2.1.0/sorc/cfs_cdas_godas_anl.fd/src/preprocessing/regrid_3d/exec
/nwprod/cfs.v2.1.0/sorc/cfs_ocean_mom4ice.fd/compile/exec
/nwprod/cfs.v2.1.0/sorc/cfs_ocean_mom4ice.fd/src/preprocessing/regrid_2d/exec
/nwprod/cfs.v2.1.1/exec
/nwprod/cfs.v2.1.1/sorc/cfs_cdas_godas_anl.fd/exec
/nwprod/cfs.v2.1.1/sorc/cfs_cdas_godas_anl.fd/src/postprocessing/regrid/exec
/nwprod/cfs.v2.1.1/sorc/cfs_cdas_godas_anl.fd/src/preprocessing/generate_grids/ocean/exec
/nwprod/cfs.v2.1.1/sorc/cfs_cdas_godas_anl.fd/src/preprocessing/mom4_prep/idealized_ic/exec
/nwprod/cfs.v2.1.1/sorc/cfs_cdas_godas_anl.fd/src/preprocessing/regrid/exec
/nwprod/cfs.v2.1.1/sorc/cfs_cdas_godas_anl.fd/src/preprocessing/regrid_2d/exec
/nwprod/cfs.v2.1.1/sorc/cfs_cdas_godas_anl.fd/src/preprocessing/regrid_3d/exec
/nwprod/cfs.v2.1.1/sorc/cfs_ocean_mom4ice.fd/compile/exec
/nwprod/cfs.v2.1.1/sorc/cfs_ocean_mom4ice.fd/src/preprocessing/regrid_2d/exec
/nwprod/cfs.v2.1.2/exec
/nwprod/cfs.v2.1.2/sorc/cfs_cdas_godas_anl.fd/exec
/nwprod/cfs.v2.1.2/sorc/cfs_cdas_godas_anl.fd/src/postprocessing/regrid/exec
/nwprod/cfs.v2.1.2/sorc/cfs_cdas_godas_anl.fd/src/preprocessing/generate_grids/ocean/exec
/nwprod/cfs.v2.1.2/sorc/cfs_cdas_godas_anl.fd/src/preprocessing/mom4_prep/idealized_ic/exec
/nwprod/cfs.v2.1.2/sorc/cfs_cdas_godas_anl.fd/src/preprocessing/regrid/exec
/nwprod/cfs.v2.1.2/sorc/cfs_cdas_godas_anl.fd/src/preprocessing/regrid_2d/exec
/nwprod/cfs.v2.1.2/sorc/cfs_cdas_godas_anl.fd/src/preprocessing/regrid_3d/exec
/nwprod/cfs.v2.1.2/sorc/cfs_ocean_mom4ice.fd/compile/exec
/nwprod/cfs.v2.1.2/sorc/cfs_ocean_mom4ice.fd/src/preprocessing/regrid_2d/exec
/nwprod/cmaq.v4.5.0/exec
/nwprod/cmaq.v4.5.1/exec
/nwprod/cmaq.v4.6.0/exec
/nwprod/cmaq.v4.6.1/exec
/nwprod/creofs.v1.1.0/exec
/nwprod/dbofs.v1.0.0/exec
/nwprod/ecmwfens.v3.0.0/exec
/nwprod/estofs.v1.1.1/exec
/nwprod/estofs.v1.1.2/exec
/nwprod/exec
/nwprod/gdas_sstoi.v1.3.0/exec
/nwprod/genesis_tracker.v3.3.3/util/exec
/nwprod/genesis_tracker.v3.3.4/util/exec
/nwprod/gfdl.v6.0.2/exec
/nwprod/gfdl.v6.0.3/exec
/nwprod/gfdl.v6.0.4/exec
/nwprod/glmp.v1.0.7/exec
/nwprod/global_fog.v5.0.1/exec
/nwprod/global_fog.v5.1.1/exec
/nwprod/glofs.v1.0.0/exec
/nwprod/gurtma.v2.1.0/exec
/nwprod/hiresw.v1.0.0/exec
/nwprod/hiresw.v1.0.2/exec
/nwprod/hirtma.v1.1.0/exec
/nwprod/hwrf.v7.0.3/exec
/nwprod/hwrf.v7.0.3/sorc/hwrf-vortextracker.fd/trk_plot/plottrak/exec
/nwprod/hwrf.v7.0.3/nwport/exec
/nwprod/hwrf.v7.0.3/nwport/util/exec
/nwprod/hwrf.v7.0.4/exec
/nwprod/hwrf.v7.0.4/sorc/hwrf-vortextracker.fd/trk_plot/plottrak/exec
/nwprod/hwrf.v7.0.4/nwport/exec
/nwprod/hwrf.v7.0.4/nwport/util/exec
/nwprod/hwrf.v7.0.5/exec
/nwprod/hwrf.v7.0.5/nwport/exec
/nwprod/hwrf.v7.0.5/nwport/util/exec
/nwprod/hwrf.v7.0.5/sorc/hwrf-vortextracker.fd/trk_plot/plottrak/exec
/nwprod/hwrf.v7.0.6/exec
/nwprod/hwrf.v7.0.6/nwport/exec
/nwprod/hwrf.v7.0.6/nwport/util/exec
/nwprod/hwrf.v7.0.6/sorc/hwrf-vortextracker.fd/trk_plot/plottrak/exec
/nwprod/hysplit.v7.0.0/exec
/nwprod/hysplit.v7.0.0_TIDE/exec
/nwprod/hysplit.v7.0.1/exec
/nwprod/lamp.v1.0.1/exec
/nwprod/mos_code.v2.1.1/exec
/nwprod/narre.v1.0.2/exec
/nwprod/ngac.v1.0.0/exec
/nwprod/ngofs.v2.0.0/exec
/nwprod/nosofs_shared.v2.1.0/exec
/nwprod/nosofs_shared.v2.2.0/exec
/nwprod/pcpanl.v1.1.4/exec
/nwprod/pcpanl.v1.1.5/exec
/nwprod/prrtma.v1.1.0/exec
/nwprod/rap.v1.0.9/exec
/nwprod/rap.v1.1.0/exec
/nwprod/rap.v1.1.1/exec
/nwprod/rtma2p5.v2.1.0/exec
/nwprod/rtma.v1.1.0/exec
/nwprod/rtofs_code.v2.2.36tr/exec
/nwprod/rtofs_et_WPAb.v1.0.0/exec
/nwprod/rtofs_gsf.v2.1.1/exec
/nwprod/seaice_concentration_analysis.v4.0.2/exec
/nwprod/seaice_drift.v3.0.0/exec
/nwprod/sref.v6.1.0/exec
/nwprod/sstoiqd.v1.1.0/exec
/nwprod/tbofs.v1.0.0/exec
/nwprod/tropcy_qc_reloc.v4.2.0/exec
/nwprod/util/exec
/nwprod/verf_g2g.v1.0.1/exec
/nwprod/verf_gridtobs.v3.0.0/exec
/nwprod/verf_gridtobs.v3.0.1/exec
/nwprod/verf_gridtobs.v3.0.2/exec
/nwprod/verf_precip.v2.0.1/exec
/nwprod/vessel_icing.v5.0.1/exec
/nwprod/wave_code.v4.7.0/st2/exec
/nwprod/wave_code.v4.7.0/st4/exec
/nwprod/wave_code.v4.7.1/st4/exec
/nwprod/wave_glw.v3.1.0/exec
/nwprod/wave_glw.v3.1.1/exec
/nwprod/wave_glw.v3.1.2/exec
/nwprod/wave_glw.v3.1.3/exec
/nwprod/wave_glw.v3.2.0/exec
/nwprod/wave_mens.v2.1.0/exec
/nwprod/wave_mens.v2.1.1/exec
/nwprod/wave_mens.v2.1.2/exec
/nwprod/wave_mens.v2.1.3/exec
/nwprod/wave_multi_1.v3.1.0/exec
/nwprod/wave_multi_1.v3.1.1/exec
/nwprod/wave_multi_1.v3.1.2/exec
/nwprod/wave_multi_1.v3.1.3/exec
/nwprod/wave_multi_1.v3.1.4/exec
/nwprod/wave_multi_2.v2.1.0/exec
/nwprod/wave_multi_2.v2.1.1/exec
/nwprod/wave_nfcens.v1.1.0/exec
/nwprod/wsa_enlil.v1.1.1/exec
/nwprod/wsr.v3.0.0/exec
